<?xml version="1.0" encoding="UTF-8"?>
<!-- Generated by org.testng.reporters.JUnitReportReporter -->
<testsuite hostname="RAMESH-FIN25" failures="0" tests="4" name="Frameworks.POM" time="35.178" errors="0" timestamp="2024-11-06T13:15:45 IST" skipped="0">
  <testcase classname="Frameworks.POM" name="OrderPage" time="8.932"/>
  <testcase classname="Frameworks.POM" name="OrderPlacement" time="10.988"/>
  <testcase classname="Frameworks.POM" name="OrderPage" time="5.537"/>
  <testcase classname="Frameworks.POM" name="OrderPlacement" time="9.721"/>
</testsuite> <!-- Frameworks.POM -->
